[INFO] Dossier : Documentation-VDS
[INFO] Vérification configuration Git
[OK] Git prêt
[OK] Dépôt Git déjà existant
[INFO] Ajout des fichiers
[INFO] Vérification des changements
[WARN] Aucun changement à commit
[INFO] Création d’un commit initial vide
[OK] Commit initial créé
[INFO] Connexion GitHub
[OK] Utilisateur : verghote
[INFO] Création du dépôt GitHub
[OK] Dépôt créé
[INFO] Configuration remote
[OK] Remote configuré
[INFO] Envoi vers GitHub
[FAIL] Erreur lors du push
[INFO] Dossier : Documentation-VDS
[INFO] Vérification configuration Git
[OK] Git prêt
[OK] Dépôt Git déjà existant
[INFO] Ajout du repo aux safe.directory
[INFO] Ajout des fichiers
